[debug] [2023-08-05T13:37:21.138Z] ----------------------------------------------------------------------
[debug] [2023-08-05T13:37:21.138Z] Command:       /Users/sarahfrancis/.nvm/versions/node/v16.15.1/bin/node /Users/sarahfrancis/.nvm/versions/node/v16.15.1/bin/firebase emulators:start
[debug] [2023-08-05T13:37:21.139Z] CLI Version:   12.4.6
[debug] [2023-08-05T13:37:21.139Z] Platform:      darwin
[debug] [2023-08-05T13:37:21.139Z] Node Version:  v16.15.1
[debug] [2023-08-05T13:37:21.141Z] Time:          Sat Aug 05 2023 15:37:21 GMT+0200 (South Africa Standard Time)
[debug] [2023-08-05T13:37:21.141Z] ----------------------------------------------------------------------
[debug] 
[debug] [2023-08-05T13:37:21.143Z] >>> [apiv2][query] GET https://firebase-public.firebaseio.com/cli.json [none]
[debug] [2023-08-05T13:37:21.182Z] > command requires scopes: ["email","openid","https://www.googleapis.com/auth/cloudplatformprojects.readonly","https://www.googleapis.com/auth/firebase","https://www.googleapis.com/auth/cloud-platform"]
[debug] [2023-08-05T13:37:21.182Z] > authorizing via signed-in user (sarah.katherinefrancis@gmail.com)
[info] i  emulators: Starting emulators: functions, hosting {"metadata":{"emulator":{"name":"hub"},"message":"Starting emulators: functions, hosting"}}
[debug] [2023-08-05T13:37:21.474Z] [logging] Logging Emulator only supports listening on one address (127.0.0.1). Not listening on ::1
[warn] ⚠  hosting: Hosting Emulator unable to start on port 5000, starting on 5002 instead. {"metadata":{"emulator":{"name":"hosting"},"message":"Hosting Emulator unable to start on port 5000, starting on 5002 instead."}}
[debug] [2023-08-05T13:37:21.475Z] [hosting] Hosting Emulator only supports listening on one address (127.0.0.1). Not listening on ::1
[debug] [2023-08-05T13:37:21.475Z] assigned listening specs for emulators {"user":{"hub":[{"address":"127.0.0.1","family":"IPv4","port":4400},{"address":"::1","family":"IPv6","port":4400}],"ui":[{"address":"127.0.0.1","family":"IPv4","port":4000},{"address":"::1","family":"IPv6","port":4000}],"logging":[{"address":"127.0.0.1","family":"IPv4","port":4500}],"hosting":[{"address":"127.0.0.1","family":"IPv4","port":5002}]},"metadata":{"message":"assigned listening specs for emulators"}}
[debug] [2023-08-05T13:37:21.480Z] [hub] writing locator at /var/folders/x1/13918m9914761_rjt0_kt80c0000gn/T/hub-clone-37425.json
[debug] [2023-08-05T13:37:21.612Z] [functions] Functions Emulator only supports listening on one address (127.0.0.1). Not listening on ::1
[debug] [2023-08-05T13:37:21.612Z] [eventarc] Eventarc Emulator only supports listening on one address (127.0.0.1). Not listening on ::1
[debug] [2023-08-05T13:37:21.612Z] late-assigned ports for functions and eventarc emulators {"user":{"hub":[{"address":"127.0.0.1","family":"IPv4","port":4400},{"address":"::1","family":"IPv6","port":4400}],"ui":[{"address":"127.0.0.1","family":"IPv4","port":4000},{"address":"::1","family":"IPv6","port":4000}],"logging":[{"address":"127.0.0.1","family":"IPv4","port":4500}],"hosting":[{"address":"127.0.0.1","family":"IPv4","port":5002}],"functions":[{"address":"127.0.0.1","family":"IPv4","port":5001}],"eventarc":[{"address":"127.0.0.1","family":"IPv4","port":9299}]},"metadata":{"message":"late-assigned ports for functions and eventarc emulators"}}
[warn] ⚠  functions: The following emulators are not running, calls to these services from the Functions emulator will affect production: auth, firestore, database, pubsub, storage {"metadata":{"emulator":{"name":"functions"},"message":"The following emulators are not running, calls to these services from the Functions emulator will affect production: \u001b[1mauth, firestore, database, pubsub, storage\u001b[22m"}}
[debug] [2023-08-05T13:37:21.613Z] defaultcredentials: writing to file /Users/sarahfrancis/.config/firebase/sarah_katherinefrancis_gmail.com_application_default_credentials.json
[debug] [2023-08-05T13:37:21.615Z] Setting GAC to /Users/sarahfrancis/.config/firebase/sarah_katherinefrancis_gmail.com_application_default_credentials.json {"metadata":{"emulator":{"name":"functions"},"message":"Setting GAC to /Users/sarahfrancis/.config/firebase/sarah_katherinefrancis_gmail.com_application_default_credentials.json"}}
[debug] [2023-08-05T13:37:21.615Z] > refreshing access token with scopes: []
[debug] [2023-08-05T13:37:21.615Z] >>> [apiv2][query] POST https://www.googleapis.com/oauth2/v3/token [none]
[debug] [2023-08-05T13:37:21.615Z] >>> [apiv2][body] POST https://www.googleapis.com/oauth2/v3/token [omitted]
[debug] [2023-08-05T13:37:22.113Z] <<< [apiv2][status] POST https://www.googleapis.com/oauth2/v3/token 200
[debug] [2023-08-05T13:37:22.113Z] <<< [apiv2][body] POST https://www.googleapis.com/oauth2/v3/token [omitted]
[debug] [2023-08-05T13:37:22.127Z] >>> [apiv2][query] GET https://firebase.googleapis.com/v1beta1/projects/clone-37425/adminSdkConfig [none]
[debug] [2023-08-05T13:37:22.224Z] <<< [apiv2][status] GET https://firebase-public.firebaseio.com/cli.json 200
[debug] [2023-08-05T13:37:22.224Z] <<< [apiv2][body] GET https://firebase-public.firebaseio.com/cli.json {"cloudBuildErrorAfter":1594252800000,"cloudBuildWarnAfter":1590019200000,"defaultNode10After":1594252800000,"minVersion":"3.0.5","node8DeploysDisabledAfter":1613390400000,"node8RuntimeDisabledAfter":1615809600000,"node8WarnAfter":1600128000000}
[debug] [2023-08-05T13:37:22.743Z] <<< [apiv2][status] GET https://firebase.googleapis.com/v1beta1/projects/clone-37425/adminSdkConfig 200
[debug] [2023-08-05T13:37:22.744Z] <<< [apiv2][body] GET https://firebase.googleapis.com/v1beta1/projects/clone-37425/adminSdkConfig {"projectId":"clone-37425","storageBucket":"clone-37425.appspot.com"}
[debug] [2023-08-05T13:37:22.761Z] >>> [apiv2][query] GET https://firebasehosting.googleapis.com/v1beta1/projects/clone-37425/sites 
[debug] [2023-08-05T13:37:25.010Z] <<< [apiv2][status] GET https://firebasehosting.googleapis.com/v1beta1/projects/clone-37425/sites 200
[debug] [2023-08-05T13:37:25.010Z] <<< [apiv2][body] GET https://firebasehosting.googleapis.com/v1beta1/projects/clone-37425/sites {"sites":[{"name":"projects/clone-37425/sites/clone-37425","defaultUrl":"https://clone-37425.web.app","appId":"1:903210715322:web:0adcddd5b1312fcae0da83","type":"DEFAULT_SITE"}]}
[debug] [2023-08-05T13:37:25.010Z] >>> [apiv2][query] GET https://firebase.googleapis.com/v1beta1/projects/clone-37425/webApps/1:903210715322:web:0adcddd5b1312fcae0da83/config [none]
[debug] [2023-08-05T13:37:26.305Z] <<< [apiv2][status] GET https://firebase.googleapis.com/v1beta1/projects/clone-37425/webApps/1:903210715322:web:0adcddd5b1312fcae0da83/config 200
[debug] [2023-08-05T13:37:26.305Z] <<< [apiv2][body] GET https://firebase.googleapis.com/v1beta1/projects/clone-37425/webApps/1:903210715322:web:0adcddd5b1312fcae0da83/config {"projectId":"clone-37425","appId":"1:903210715322:web:0adcddd5b1312fcae0da83","storageBucket":"clone-37425.appspot.com","apiKey":"AIzaSyCXB8nECrCP16eOsIztCgtlfCAATprlQJs","authDomain":"clone-37425.firebaseapp.com","messagingSenderId":"903210715322","measurementId":"G-LJJVVKDBW1"}
[debug] [2023-08-05T13:37:26.314Z] >>> [apiv2][query] GET https://firebase.googleapis.com/v1beta1/projects/clone-37425 [none]
[debug] [2023-08-05T13:37:26.928Z] <<< [apiv2][status] GET https://firebase.googleapis.com/v1beta1/projects/clone-37425 200
[debug] [2023-08-05T13:37:26.928Z] <<< [apiv2][body] GET https://firebase.googleapis.com/v1beta1/projects/clone-37425 {"projectId":"clone-37425","projectNumber":"903210715322","displayName":"amazon-clone","name":"projects/clone-37425","resources":{"hostingSite":"clone-37425"},"state":"ACTIVE","etag":"1_938a75eb-b9a7-4fef-9ccd-219703552b85"}
[info] i  hosting[clone-37425]: Serving hosting files from: build {"metadata":{"emulator":{"name":"hosting"},"message":"Serving hosting files from: \u001b[1mbuild\u001b[22m"}}
[info] ✔  hosting[clone-37425]: Local server: http://127.0.0.1:5002 {"metadata":{"emulator":{"name":"hosting"},"message":"Local server: \u001b[4m\u001b[1mhttp://127.0.0.1:5002\u001b[22m\u001b[24m"}}
[debug] [2023-08-05T13:37:27.004Z] Ignoring unsupported arg: auto_download {"metadata":{"emulator":{"name":"ui"},"message":"Ignoring unsupported arg: auto_download"}}
[debug] [2023-08-05T13:37:27.004Z] Ignoring unsupported arg: port {"metadata":{"emulator":{"name":"ui"},"message":"Ignoring unsupported arg: port"}}
[debug] [2023-08-05T13:37:27.004Z] Starting Emulator UI with command {"binary":"node","args":["/Users/sarahfrancis/.cache/firebase/emulators/ui-v1.11.7/server/server.js"],"optionalArgs":[],"joinArgs":false} {"metadata":{"emulator":{"name":"ui"},"message":"Starting Emulator UI with command {\"binary\":\"node\",\"args\":[\"/Users/sarahfrancis/.cache/firebase/emulators/ui-v1.11.7/server/server.js\"],\"optionalArgs\":[],\"joinArgs\":false}"}}
[info] i  ui: Emulator UI logging to ui-debug.log {"metadata":{"emulator":{"name":"ui"},"message":"Emulator UI logging to \u001b[1mui-debug.log\u001b[22m"}}
[debug] [2023-08-05T13:37:27.073Z] Web / API server started at 127.0.0.1:4000
 {"metadata":{"emulator":{"name":"ui"},"message":"Web / API server started at 127.0.0.1:4000\n"}}
[debug] [2023-08-05T13:37:27.074Z] Web / API server started at ::1:4000
 {"metadata":{"emulator":{"name":"ui"},"message":"Web / API server started at ::1:4000\n"}}
[info] i  functions: Watching "/Users/sarahfrancis/Desktop/code/amazon-clone/functions" for Cloud Functions... {"metadata":{"emulator":{"name":"functions"},"message":"Watching \"/Users/sarahfrancis/Desktop/code/amazon-clone/functions\" for Cloud Functions..."}}
[debug] [2023-08-05T13:37:27.271Z] Validating nodejs source
[debug] [2023-08-05T13:37:27.711Z] > [functions] package.json contents: {
  "name": "functions",
  "description": "Cloud Functions for Firebase",
  "scripts": {
    "lint": "eslint .",
    "serve": "firebase emulators:start --only functions",
    "shell": "firebase functions:shell",
    "start": "npm run shell",
    "deploy": "firebase deploy --only functions",
    "logs": "firebase functions:log"
  },
  "engines": {
    "node": "18"
  },
  "main": "index.js",
  "dependencies": {
    "cors": "^2.8.5",
    "express": "^4.18.2",
    "firebase-admin": "^11.8.0",
    "firebase-functions": "^4.3.1",
    "stripe": "^12.17.0"
  },
  "devDependencies": {
    "eslint": "^8.15.0",
    "eslint-config-google": "^0.14.0",
    "firebase-functions-test": "^3.1.0"
  },
  "private": true
}
[debug] [2023-08-05T13:37:27.712Z] Building nodejs source
[debug] [2023-08-05T13:37:27.712Z] Failed to find version of module node: reached end of search path /Users/sarahfrancis/Desktop/code/amazon-clone/functions/node_modules
[warn] ⚠  functions: Your requested "node" version "18" doesn't match your global version "16". Using node@16 from host. 
[debug] [2023-08-05T13:37:27.713Z] Could not find functions.yaml. Must use http discovery
[debug] [2023-08-05T13:37:27.717Z] Found firebase-functions binary at '/Users/sarahfrancis/Desktop/code/amazon-clone/functions/node_modules/.bin/firebase-functions'
[info] Serving at port 8974

[debug] [2023-08-05T13:37:28.095Z] Got response from /__/functions.yaml {"endpoints":{"api":{"platform":"gcfv1","availableMemoryMb":null,"timeoutSeconds":null,"minInstances":null,"maxInstances":null,"ingressSettings":null,"serviceAccountEmail":null,"vpc":null,"httpsTrigger":{},"entryPoint":"api"}},"specVersion":"v1alpha1","requiredAPIs":[]}
[info] shutdown requested via /__/quitquitquit

[info] ✔  functions: Loaded functions definitions from source: api. {"metadata":{"emulator":{"name":"functions"},"message":"Loaded functions definitions from source: api."}}
[info] ✔  functions[us-central1-api]: http function initialized (http://127.0.0.1:5001/clone-37425/us-central1/api). {"metadata":{"emulator":{"name":"functions"},"message":"\u001b[1mhttp\u001b[22m function initialized (http://127.0.0.1:5001/clone-37425/us-central1/api)."}}
[info] 
┌─────────────────────────────────────────────────────────────┐
│ ✔  All emulators ready! It is now safe to connect your app. │
│ i  View Emulator UI at http://127.0.0.1:4000/               │
└─────────────────────────────────────────────────────────────┘

┌───────────┬────────────────┬─────────────────────────────────┐
│ Emulator  │ Host:Port      │ View in Emulator UI             │
├───────────┼────────────────┼─────────────────────────────────┤
│ Functions │ 127.0.0.1:5001 │ http://127.0.0.1:4000/functions │
├───────────┼────────────────┼─────────────────────────────────┤
│ Hosting   │ 127.0.0.1:5002 │ n/a                             │
└───────────┴────────────────┴─────────────────────────────────┘
  Emulator Hub running at 127.0.0.1:4400
  Other reserved ports: 4500

Issues? Report them at https://github.com/firebase/firebase-tools/issues and attach the *-debug.log files.
 
[debug] [2023-08-05T13:37:44.930Z] [work-queue] {"queuedWork":["/clone-37425/us-central1/api/payments/create-2023-08-05T13:37:44.930Z"],"queueLength":1,"runningWork":[],"workRunningCount":0}
[debug] [2023-08-05T13:37:44.933Z] [work-queue] {"queuedWork":[],"queueLength":0,"runningWork":["/clone-37425/us-central1/api/payments/create-2023-08-05T13:37:44.930Z"],"workRunningCount":1}
[debug] [2023-08-05T13:37:44.935Z] Accepted request POST /clone-37425/us-central1/api/payments/create?total=25096 --> us-central1-api
[debug] [2023-08-05T13:37:44.940Z] [functions] Runtime ready! Sending request! {"metadata":{"emulator":{"name":"functions"},"message":"[functions] Runtime ready! Sending request!"}}
[debug] [2023-08-05T13:37:44.941Z] [functions] Got req.url=/clone-37425/us-central1/api/payments/create?total=25096, mapping to path=/payments/create?total=25096 {"metadata":{"emulator":{"name":"functions"},"message":"[functions] Got req.url=/clone-37425/us-central1/api/payments/create?total=25096, mapping to path=/payments/create?total=25096"}}
[debug] [2023-08-05T13:37:44.954Z] [worker-pool] addWorker(us-central1-api) {"metadata":{"emulator":{"name":"functions"},"message":"[worker-pool] addWorker(us-central1-api)"}}
[debug] [2023-08-05T13:37:44.955Z] [worker-pool] Adding worker with key us-central1-api, total=1 {"metadata":{"emulator":{"name":"functions"},"message":"[worker-pool] Adding worker with key us-central1-api, total=1"}}
[debug] [2023-08-05T13:37:44.957Z] [work-queue] {"queuedWork":["/clone-37425/us-central1/api/payments/create-2023-08-05T13:37:44.957Z"],"queueLength":1,"runningWork":["/clone-37425/us-central1/api/payments/create-2023-08-05T13:37:44.930Z"],"workRunningCount":1}
[debug] [2023-08-05T13:37:44.958Z] [work-queue] {"queuedWork":[],"queueLength":0,"runningWork":["/clone-37425/us-central1/api/payments/create-2023-08-05T13:37:44.930Z","/clone-37425/us-central1/api/payments/create-2023-08-05T13:37:44.957Z"],"workRunningCount":2}
[debug] [2023-08-05T13:37:44.958Z] Accepted request POST /clone-37425/us-central1/api/payments/create?total=25096 --> us-central1-api
[debug] [2023-08-05T13:37:44.960Z] [functions] Runtime ready! Sending request! {"metadata":{"emulator":{"name":"functions"},"message":"[functions] Runtime ready! Sending request!"}}
[debug] [2023-08-05T13:37:44.960Z] [functions] Got req.url=/clone-37425/us-central1/api/payments/create?total=25096, mapping to path=/payments/create?total=25096 {"metadata":{"emulator":{"name":"functions"},"message":"[functions] Got req.url=/clone-37425/us-central1/api/payments/create?total=25096, mapping to path=/payments/create?total=25096"}}
[debug] [2023-08-05T13:37:44.966Z] [worker-pool] addWorker(us-central1-api) {"metadata":{"emulator":{"name":"functions"},"message":"[worker-pool] addWorker(us-central1-api)"}}
[debug] [2023-08-05T13:37:44.971Z] [worker-pool] Adding worker with key us-central1-api, total=2 {"metadata":{"emulator":{"name":"functions"},"message":"[worker-pool] Adding worker with key us-central1-api, total=2"}}
[debug] [2023-08-05T13:37:45.578Z] [runtime-status] [9768] Resolved module firebase-admin {"declared":true,"installed":true,"version":"11.10.1","resolution":"/Users/sarahfrancis/Desktop/code/amazon-clone/functions/node_modules/firebase-admin/lib/index.js"} {"metadata":{"emulator":{"name":"functions"},"function":{"name":"us-central1-api"},"extension":{},"message":"[runtime-status] [9768] Resolved module firebase-admin {\"declared\":true,\"installed\":true,\"version\":\"11.10.1\",\"resolution\":\"/Users/sarahfrancis/Desktop/code/amazon-clone/functions/node_modules/firebase-admin/lib/index.js\"}"}}
[debug] [2023-08-05T13:37:45.579Z] [runtime-status] [9768] Resolved module firebase-functions {"declared":true,"installed":true,"version":"4.4.1","resolution":"/Users/sarahfrancis/Desktop/code/amazon-clone/functions/node_modules/firebase-functions/lib/v1/index.js"} {"metadata":{"emulator":{"name":"functions"},"function":{"name":"us-central1-api"},"extension":{},"message":"[runtime-status] [9768] Resolved module firebase-functions {\"declared\":true,\"installed\":true,\"version\":\"4.4.1\",\"resolution\":\"/Users/sarahfrancis/Desktop/code/amazon-clone/functions/node_modules/firebase-functions/lib/v1/index.js\"}"}}
[debug] [2023-08-05T13:37:45.579Z] [runtime-status] [9769] Resolved module firebase-admin {"declared":true,"installed":true,"version":"11.10.1","resolution":"/Users/sarahfrancis/Desktop/code/amazon-clone/functions/node_modules/firebase-admin/lib/index.js"} {"metadata":{"emulator":{"name":"functions"},"function":{"name":"us-central1-api"},"extension":{},"message":"[runtime-status] [9769] Resolved module firebase-admin {\"declared\":true,\"installed\":true,\"version\":\"11.10.1\",\"resolution\":\"/Users/sarahfrancis/Desktop/code/amazon-clone/functions/node_modules/firebase-admin/lib/index.js\"}"}}
[debug] [2023-08-05T13:37:45.579Z] [runtime-status] [9769] Resolved module firebase-functions {"declared":true,"installed":true,"version":"4.4.1","resolution":"/Users/sarahfrancis/Desktop/code/amazon-clone/functions/node_modules/firebase-functions/lib/v1/index.js"} {"metadata":{"emulator":{"name":"functions"},"function":{"name":"us-central1-api"},"extension":{},"message":"[runtime-status] [9769] Resolved module firebase-functions {\"declared\":true,\"installed\":true,\"version\":\"4.4.1\",\"resolution\":\"/Users/sarahfrancis/Desktop/code/amazon-clone/functions/node_modules/firebase-functions/lib/v1/index.js\"}"}}
[debug] [2023-08-05T13:37:45.579Z] [runtime-status] [9768] Outgoing network have been stubbed. [{"name":"http","status":"mocked"},{"name":"http","status":"mocked"},{"name":"https","status":"mocked"},{"name":"https","status":"mocked"},{"name":"net","status":"mocked"}] {"metadata":{"emulator":{"name":"functions"},"function":{"name":"us-central1-api"},"extension":{},"message":"[runtime-status] [9768] Outgoing network have been stubbed. [{\"name\":\"http\",\"status\":\"mocked\"},{\"name\":\"http\",\"status\":\"mocked\"},{\"name\":\"https\",\"status\":\"mocked\"},{\"name\":\"https\",\"status\":\"mocked\"},{\"name\":\"net\",\"status\":\"mocked\"}]"}}
[debug] [2023-08-05T13:37:45.579Z] [runtime-status] [9769] Outgoing network have been stubbed. [{"name":"http","status":"mocked"},{"name":"http","status":"mocked"},{"name":"https","status":"mocked"},{"name":"https","status":"mocked"},{"name":"net","status":"mocked"}] {"metadata":{"emulator":{"name":"functions"},"function":{"name":"us-central1-api"},"extension":{},"message":"[runtime-status] [9769] Outgoing network have been stubbed. [{\"name\":\"http\",\"status\":\"mocked\"},{\"name\":\"http\",\"status\":\"mocked\"},{\"name\":\"https\",\"status\":\"mocked\"},{\"name\":\"https\",\"status\":\"mocked\"},{\"name\":\"net\",\"status\":\"mocked\"}]"}}
[debug] [2023-08-05T13:37:45.579Z] [runtime-status] [9768] Resolved module firebase-functions {"declared":true,"installed":true,"version":"4.4.1","resolution":"/Users/sarahfrancis/Desktop/code/amazon-clone/functions/node_modules/firebase-functions/lib/v1/index.js"} {"metadata":{"emulator":{"name":"functions"},"function":{"name":"us-central1-api"},"extension":{},"message":"[runtime-status] [9768] Resolved module firebase-functions {\"declared\":true,\"installed\":true,\"version\":\"4.4.1\",\"resolution\":\"/Users/sarahfrancis/Desktop/code/amazon-clone/functions/node_modules/firebase-functions/lib/v1/index.js\"}"}}
[debug] [2023-08-05T13:37:45.579Z] [runtime-status] [9769] Resolved module firebase-functions {"declared":true,"installed":true,"version":"4.4.1","resolution":"/Users/sarahfrancis/Desktop/code/amazon-clone/functions/node_modules/firebase-functions/lib/v1/index.js"} {"metadata":{"emulator":{"name":"functions"},"function":{"name":"us-central1-api"},"extension":{},"message":"[runtime-status] [9769] Resolved module firebase-functions {\"declared\":true,\"installed\":true,\"version\":\"4.4.1\",\"resolution\":\"/Users/sarahfrancis/Desktop/code/amazon-clone/functions/node_modules/firebase-functions/lib/v1/index.js\"}"}}
[debug] [2023-08-05T13:37:45.692Z] [runtime-status] [9768] Checked functions.config() {"config":{}} {"metadata":{"emulator":{"name":"functions"},"function":{"name":"us-central1-api"},"extension":{},"message":"[runtime-status] [9768] Checked functions.config() {\"config\":{}}"}}
[debug] [2023-08-05T13:37:45.692Z] [runtime-status] [9768] firebase-functions has been stubbed. {"functionsResolution":{"declared":true,"installed":true,"version":"4.4.1","resolution":"/Users/sarahfrancis/Desktop/code/amazon-clone/functions/node_modules/firebase-functions/lib/v1/index.js"}} {"metadata":{"emulator":{"name":"functions"},"function":{"name":"us-central1-api"},"extension":{},"message":"[runtime-status] [9768] firebase-functions has been stubbed. {\"functionsResolution\":{\"declared\":true,\"installed\":true,\"version\":\"4.4.1\",\"resolution\":\"/Users/sarahfrancis/Desktop/code/amazon-clone/functions/node_modules/firebase-functions/lib/v1/index.js\"}}"}}
[debug] [2023-08-05T13:37:45.692Z] [runtime-status] [9769] Checked functions.config() {"config":{}} {"metadata":{"emulator":{"name":"functions"},"function":{"name":"us-central1-api"},"extension":{},"message":"[runtime-status] [9769] Checked functions.config() {\"config\":{}}"}}
[debug] [2023-08-05T13:37:45.692Z] [runtime-status] [9769] firebase-functions has been stubbed. {"functionsResolution":{"declared":true,"installed":true,"version":"4.4.1","resolution":"/Users/sarahfrancis/Desktop/code/amazon-clone/functions/node_modules/firebase-functions/lib/v1/index.js"}} {"metadata":{"emulator":{"name":"functions"},"function":{"name":"us-central1-api"},"extension":{},"message":"[runtime-status] [9769] firebase-functions has been stubbed. {\"functionsResolution\":{\"declared\":true,\"installed\":true,\"version\":\"4.4.1\",\"resolution\":\"/Users/sarahfrancis/Desktop/code/amazon-clone/functions/node_modules/firebase-functions/lib/v1/index.js\"}}"}}
[debug] [2023-08-05T13:37:45.692Z] [runtime-status] [9769] Resolved module firebase-functions {"declared":true,"installed":true,"version":"4.4.1","resolution":"/Users/sarahfrancis/Desktop/code/amazon-clone/functions/node_modules/firebase-functions/lib/v1/index.js"} {"metadata":{"emulator":{"name":"functions"},"function":{"name":"us-central1-api"},"extension":{},"message":"[runtime-status] [9769] Resolved module firebase-functions {\"declared\":true,\"installed\":true,\"version\":\"4.4.1\",\"resolution\":\"/Users/sarahfrancis/Desktop/code/amazon-clone/functions/node_modules/firebase-functions/lib/v1/index.js\"}"}}
[debug] [2023-08-05T13:37:45.693Z] [runtime-status] [9768] Resolved module firebase-functions {"declared":true,"installed":true,"version":"4.4.1","resolution":"/Users/sarahfrancis/Desktop/code/amazon-clone/functions/node_modules/firebase-functions/lib/v1/index.js"} {"metadata":{"emulator":{"name":"functions"},"function":{"name":"us-central1-api"},"extension":{},"message":"[runtime-status] [9768] Resolved module firebase-functions {\"declared\":true,\"installed\":true,\"version\":\"4.4.1\",\"resolution\":\"/Users/sarahfrancis/Desktop/code/amazon-clone/functions/node_modules/firebase-functions/lib/v1/index.js\"}"}}
[debug] [2023-08-05T13:37:45.693Z] [runtime-status] [9768] Resolved module firebase-admin {"declared":true,"installed":true,"version":"11.10.1","resolution":"/Users/sarahfrancis/Desktop/code/amazon-clone/functions/node_modules/firebase-admin/lib/index.js"} {"metadata":{"emulator":{"name":"functions"},"function":{"name":"us-central1-api"},"extension":{},"message":"[runtime-status] [9768] Resolved module firebase-admin {\"declared\":true,\"installed\":true,\"version\":\"11.10.1\",\"resolution\":\"/Users/sarahfrancis/Desktop/code/amazon-clone/functions/node_modules/firebase-admin/lib/index.js\"}"}}
[debug] [2023-08-05T13:37:45.693Z] [runtime-status] [9769] Resolved module firebase-admin {"declared":true,"installed":true,"version":"11.10.1","resolution":"/Users/sarahfrancis/Desktop/code/amazon-clone/functions/node_modules/firebase-admin/lib/index.js"} {"metadata":{"emulator":{"name":"functions"},"function":{"name":"us-central1-api"},"extension":{},"message":"[runtime-status] [9769] Resolved module firebase-admin {\"declared\":true,\"installed\":true,\"version\":\"11.10.1\",\"resolution\":\"/Users/sarahfrancis/Desktop/code/amazon-clone/functions/node_modules/firebase-admin/lib/index.js\"}"}}
[debug] [2023-08-05T13:37:45.694Z] [runtime-status] [9769] Resolved module firebase-functions {"declared":true,"installed":true,"version":"4.4.1","resolution":"/Users/sarahfrancis/Desktop/code/amazon-clone/functions/node_modules/firebase-functions/lib/v1/index.js"} {"metadata":{"emulator":{"name":"functions"},"function":{"name":"us-central1-api"},"extension":{},"message":"[runtime-status] [9769] Resolved module firebase-functions {\"declared\":true,\"installed\":true,\"version\":\"4.4.1\",\"resolution\":\"/Users/sarahfrancis/Desktop/code/amazon-clone/functions/node_modules/firebase-functions/lib/v1/index.js\"}"}}
[debug] [2023-08-05T13:37:45.694Z] [runtime-status] [9769] firebase-admin has been stubbed. {"adminResolution":{"declared":true,"installed":true,"version":"11.10.1","resolution":"/Users/sarahfrancis/Desktop/code/amazon-clone/functions/node_modules/firebase-admin/lib/index.js"}} {"metadata":{"emulator":{"name":"functions"},"function":{"name":"us-central1-api"},"extension":{},"message":"[runtime-status] [9769] firebase-admin has been stubbed. {\"adminResolution\":{\"declared\":true,\"installed\":true,\"version\":\"11.10.1\",\"resolution\":\"/Users/sarahfrancis/Desktop/code/amazon-clone/functions/node_modules/firebase-admin/lib/index.js\"}}"}}
[debug] [2023-08-05T13:37:45.694Z] [runtime-status] [9768] Resolved module firebase-functions {"declared":true,"installed":true,"version":"4.4.1","resolution":"/Users/sarahfrancis/Desktop/code/amazon-clone/functions/node_modules/firebase-functions/lib/v1/index.js"} {"metadata":{"emulator":{"name":"functions"},"function":{"name":"us-central1-api"},"extension":{},"message":"[runtime-status] [9768] Resolved module firebase-functions {\"declared\":true,\"installed\":true,\"version\":\"4.4.1\",\"resolution\":\"/Users/sarahfrancis/Desktop/code/amazon-clone/functions/node_modules/firebase-functions/lib/v1/index.js\"}"}}
[debug] [2023-08-05T13:37:45.694Z] [runtime-status] [9768] firebase-admin has been stubbed. {"adminResolution":{"declared":true,"installed":true,"version":"11.10.1","resolution":"/Users/sarahfrancis/Desktop/code/amazon-clone/functions/node_modules/firebase-admin/lib/index.js"}} {"metadata":{"emulator":{"name":"functions"},"function":{"name":"us-central1-api"},"extension":{},"message":"[runtime-status] [9768] firebase-admin has been stubbed. {\"adminResolution\":{\"declared\":true,\"installed\":true,\"version\":\"11.10.1\",\"resolution\":\"/Users/sarahfrancis/Desktop/code/amazon-clone/functions/node_modules/firebase-admin/lib/index.js\"}}"}}
[debug] [2023-08-05T13:37:45.762Z] [runtime-status] [9769] Functions runtime initialized. {"cwd":"/Users/sarahfrancis/Desktop/code/amazon-clone/functions","node_version":"16.15.1"} {"metadata":{"emulator":{"name":"functions"},"function":{"name":"us-central1-api"},"extension":{},"message":"[runtime-status] [9769] Functions runtime initialized. {\"cwd\":\"/Users/sarahfrancis/Desktop/code/amazon-clone/functions\",\"node_version\":\"16.15.1\"}"}}
[debug] [2023-08-05T13:37:45.762Z] [runtime-status] [9768] Functions runtime initialized. {"cwd":"/Users/sarahfrancis/Desktop/code/amazon-clone/functions","node_version":"16.15.1"} {"metadata":{"emulator":{"name":"functions"},"function":{"name":"us-central1-api"},"extension":{},"message":"[runtime-status] [9768] Functions runtime initialized. {\"cwd\":\"/Users/sarahfrancis/Desktop/code/amazon-clone/functions\",\"node_version\":\"16.15.1\"}"}}
[debug] [2023-08-05T13:37:45.762Z] [runtime-status] [9768] Listening to port: /var/folders/x1/13918m9914761_rjt0_kt80c0000gn/T/fire_emu_7889407afa1aaf06.sock {"metadata":{"emulator":{"name":"functions"},"function":{"name":"us-central1-api"},"extension":{},"message":"[runtime-status] [9768] Listening to port: /var/folders/x1/13918m9914761_rjt0_kt80c0000gn/T/fire_emu_7889407afa1aaf06.sock"}}
[debug] [2023-08-05T13:37:45.762Z] [runtime-status] [9769] Listening to port: /var/folders/x1/13918m9914761_rjt0_kt80c0000gn/T/fire_emu_7484a48d5164c5cb.sock {"metadata":{"emulator":{"name":"functions"},"function":{"name":"us-central1-api"},"extension":{},"message":"[runtime-status] [9769] Listening to port: /var/folders/x1/13918m9914761_rjt0_kt80c0000gn/T/fire_emu_7484a48d5164c5cb.sock"}}
[debug] [2023-08-05T13:37:45.771Z] [worker-us-central1-api-0feabdc5-61a8-4cdc-8c67-5ad67d981387]: IDLE {"metadata":{"emulator":{"name":"functions"},"function":{"name":"us-central1-api"},"extension":{},"message":"[worker-us-central1-api-0feabdc5-61a8-4cdc-8c67-5ad67d981387]: IDLE"}}
[debug] [2023-08-05T13:37:45.771Z] [worker-pool] submitRequest(triggerId=us-central1-api) {"metadata":{"emulator":{"name":"functions"},"message":"[worker-pool] submitRequest(triggerId=us-central1-api)"}}
[info] i  functions: Beginning execution of "us-central1-api" {"metadata":{"emulator":{"name":"functions"},"function":{"name":"us-central1-api"},"extension":{},"message":"Beginning execution of \"us-central1-api\""}}
[debug] [2023-08-05T13:37:45.771Z] [worker-us-central1-api-0feabdc5-61a8-4cdc-8c67-5ad67d981387]: BUSY {"metadata":{"emulator":{"name":"functions"},"function":{"name":"us-central1-api"},"extension":{},"message":"[worker-us-central1-api-0feabdc5-61a8-4cdc-8c67-5ad67d981387]: BUSY"}}
[info] >  payment received 25096 {"user":"payment received 25096","metadata":{"emulator":{"name":"functions"},"function":{"name":"us-central1-api"},"extension":{},"message":"\u001b[90m> \u001b[39m payment received 25096"}}
[debug] [2023-08-05T13:37:45.792Z] [worker-us-central1-api-685ffe1d-eedf-4890-a26b-21f7de17c8c3]: IDLE {"metadata":{"emulator":{"name":"functions"},"function":{"name":"us-central1-api"},"extension":{},"message":"[worker-us-central1-api-685ffe1d-eedf-4890-a26b-21f7de17c8c3]: IDLE"}}
[debug] [2023-08-05T13:37:45.793Z] [worker-pool] submitRequest(triggerId=us-central1-api) {"metadata":{"emulator":{"name":"functions"},"message":"[worker-pool] submitRequest(triggerId=us-central1-api)"}}
[info] i  functions: Beginning execution of "us-central1-api" {"metadata":{"emulator":{"name":"functions"},"function":{"name":"us-central1-api"},"extension":{},"message":"Beginning execution of \"us-central1-api\""}}
[debug] [2023-08-05T13:37:45.793Z] [worker-us-central1-api-685ffe1d-eedf-4890-a26b-21f7de17c8c3]: BUSY {"metadata":{"emulator":{"name":"functions"},"function":{"name":"us-central1-api"},"extension":{},"message":"[worker-us-central1-api-685ffe1d-eedf-4890-a26b-21f7de17c8c3]: BUSY"}}
[info] >  payment received 25096 {"user":"payment received 25096","metadata":{"emulator":{"name":"functions"},"function":{"name":"us-central1-api"},"extension":{},"message":"\u001b[90m> \u001b[39m payment received 25096"}}
[debug] [2023-08-05T13:37:46.751Z] Finishing up request with event=pause {"metadata":{"emulator":{"name":"functions"},"function":{"name":"us-central1-api"},"extension":{},"message":"Finishing up request with event=pause"}}
[info] i  functions: Finished "us-central1-api" in 959.112334ms {"metadata":{"emulator":{"name":"functions"},"function":{"name":"us-central1-api"},"extension":{},"message":"Finished \"us-central1-api\" in 959.112334ms"}}
[debug] [2023-08-05T13:37:46.752Z] [worker-us-central1-api-685ffe1d-eedf-4890-a26b-21f7de17c8c3]: IDLE {"metadata":{"emulator":{"name":"functions"},"function":{"name":"us-central1-api"},"extension":{},"message":"[worker-us-central1-api-685ffe1d-eedf-4890-a26b-21f7de17c8c3]: IDLE"}}
[debug] [2023-08-05T13:37:46.753Z] Finishing up request with event=finish {"metadata":{"emulator":{"name":"functions"},"function":{"name":"us-central1-api"},"extension":{},"message":"Finishing up request with event=finish"}}
[debug] [2023-08-05T13:37:46.753Z] Finishing up request with event=close {"metadata":{"emulator":{"name":"functions"},"function":{"name":"us-central1-api"},"extension":{},"message":"Finishing up request with event=close"}}
[debug] [2023-08-05T13:37:46.753Z] [work-queue] {"queuedWork":[],"queueLength":0,"runningWork":["/clone-37425/us-central1/api/payments/create-2023-08-05T13:37:44.930Z"],"workRunningCount":1}
[debug] [2023-08-05T13:37:46.760Z] Finishing up request with event=pause {"metadata":{"emulator":{"name":"functions"},"function":{"name":"us-central1-api"},"extension":{},"message":"Finishing up request with event=pause"}}
[info] i  functions: Finished "us-central1-api" in 988.756167ms {"metadata":{"emulator":{"name":"functions"},"function":{"name":"us-central1-api"},"extension":{},"message":"Finished \"us-central1-api\" in 988.756167ms"}}
[debug] [2023-08-05T13:37:46.760Z] [worker-us-central1-api-0feabdc5-61a8-4cdc-8c67-5ad67d981387]: IDLE {"metadata":{"emulator":{"name":"functions"},"function":{"name":"us-central1-api"},"extension":{},"message":"[worker-us-central1-api-0feabdc5-61a8-4cdc-8c67-5ad67d981387]: IDLE"}}
[debug] [2023-08-05T13:37:46.760Z] Finishing up request with event=finish {"metadata":{"emulator":{"name":"functions"},"function":{"name":"us-central1-api"},"extension":{},"message":"Finishing up request with event=finish"}}
[debug] [2023-08-05T13:37:46.760Z] Finishing up request with event=close {"metadata":{"emulator":{"name":"functions"},"function":{"name":"us-central1-api"},"extension":{},"message":"Finishing up request with event=close"}}
[debug] [2023-08-05T13:37:46.761Z] [work-queue] {"queuedWork":[],"queueLength":0,"runningWork":[],"workRunningCount":0}
[debug] [2023-08-05T14:03:23.551Z] [work-queue] {"queuedWork":["/clone-37425/us-central1/api/payments/create-2023-08-05T14:03:23.550Z"],"queueLength":1,"runningWork":[],"workRunningCount":0}
[debug] [2023-08-05T14:03:23.559Z] [work-queue] {"queuedWork":[],"queueLength":0,"runningWork":["/clone-37425/us-central1/api/payments/create-2023-08-05T14:03:23.550Z"],"workRunningCount":1}
[debug] [2023-08-05T14:03:23.559Z] Accepted request POST /clone-37425/us-central1/api/payments/create?total=25096 --> us-central1-api
[debug] [2023-08-05T14:03:23.585Z] [functions] Runtime ready! Sending request! {"metadata":{"emulator":{"name":"functions"},"message":"[functions] Runtime ready! Sending request!"}}
[debug] [2023-08-05T14:03:23.586Z] [functions] Got req.url=/clone-37425/us-central1/api/payments/create?total=25096, mapping to path=/payments/create?total=25096 {"metadata":{"emulator":{"name":"functions"},"message":"[functions] Got req.url=/clone-37425/us-central1/api/payments/create?total=25096, mapping to path=/payments/create?total=25096"}}
[debug] [2023-08-05T14:03:23.587Z] [worker-pool] submitRequest(triggerId=us-central1-api) {"metadata":{"emulator":{"name":"functions"},"message":"[worker-pool] submitRequest(triggerId=us-central1-api)"}}
[info] i  functions: Beginning execution of "us-central1-api" {"metadata":{"emulator":{"name":"functions"},"function":{"name":"us-central1-api"},"extension":{},"message":"Beginning execution of \"us-central1-api\""}}
[debug] [2023-08-05T14:03:23.594Z] [worker-us-central1-api-0feabdc5-61a8-4cdc-8c67-5ad67d981387]: BUSY {"metadata":{"emulator":{"name":"functions"},"function":{"name":"us-central1-api"},"extension":{},"message":"[worker-us-central1-api-0feabdc5-61a8-4cdc-8c67-5ad67d981387]: BUSY"}}
[debug] [2023-08-05T14:03:23.598Z] [work-queue] {"queuedWork":["/clone-37425/us-central1/api/payments/create-2023-08-05T14:03:23.598Z"],"queueLength":1,"runningWork":["/clone-37425/us-central1/api/payments/create-2023-08-05T14:03:23.550Z"],"workRunningCount":1}
[debug] [2023-08-05T14:03:23.598Z] [work-queue] {"queuedWork":[],"queueLength":0,"runningWork":["/clone-37425/us-central1/api/payments/create-2023-08-05T14:03:23.550Z","/clone-37425/us-central1/api/payments/create-2023-08-05T14:03:23.598Z"],"workRunningCount":2}
[debug] [2023-08-05T14:03:23.598Z] Accepted request POST /clone-37425/us-central1/api/payments/create?total=25096 --> us-central1-api
[debug] [2023-08-05T14:03:23.600Z] [functions] Runtime ready! Sending request! {"metadata":{"emulator":{"name":"functions"},"message":"[functions] Runtime ready! Sending request!"}}
[debug] [2023-08-05T14:03:23.600Z] [functions] Got req.url=/clone-37425/us-central1/api/payments/create?total=25096, mapping to path=/payments/create?total=25096 {"metadata":{"emulator":{"name":"functions"},"message":"[functions] Got req.url=/clone-37425/us-central1/api/payments/create?total=25096, mapping to path=/payments/create?total=25096"}}
[debug] [2023-08-05T14:03:23.600Z] [worker-pool] submitRequest(triggerId=us-central1-api) {"metadata":{"emulator":{"name":"functions"},"message":"[worker-pool] submitRequest(triggerId=us-central1-api)"}}
[info] i  functions: Beginning execution of "us-central1-api" {"metadata":{"emulator":{"name":"functions"},"function":{"name":"us-central1-api"},"extension":{},"message":"Beginning execution of \"us-central1-api\""}}
[debug] [2023-08-05T14:03:23.601Z] [worker-us-central1-api-685ffe1d-eedf-4890-a26b-21f7de17c8c3]: BUSY {"metadata":{"emulator":{"name":"functions"},"function":{"name":"us-central1-api"},"extension":{},"message":"[worker-us-central1-api-685ffe1d-eedf-4890-a26b-21f7de17c8c3]: BUSY"}}
[info] >  payment received 25096 {"user":"payment received 25096","metadata":{"emulator":{"name":"functions"},"function":{"name":"us-central1-api"},"extension":{},"message":"\u001b[90m> \u001b[39m payment received 25096"}}
[info] >  payment received 25096 {"user":"payment received 25096","metadata":{"emulator":{"name":"functions"},"function":{"name":"us-central1-api"},"extension":{},"message":"\u001b[90m> \u001b[39m payment received 25096"}}
[debug] [2023-08-05T14:03:24.696Z] Finishing up request with event=pause {"metadata":{"emulator":{"name":"functions"},"function":{"name":"us-central1-api"},"extension":{},"message":"Finishing up request with event=pause"}}
[info] i  functions: Finished "us-central1-api" in 1095.335875ms {"metadata":{"emulator":{"name":"functions"},"function":{"name":"us-central1-api"},"extension":{},"message":"Finished \"us-central1-api\" in 1095.335875ms"}}
[debug] [2023-08-05T14:03:24.697Z] [worker-us-central1-api-685ffe1d-eedf-4890-a26b-21f7de17c8c3]: IDLE {"metadata":{"emulator":{"name":"functions"},"function":{"name":"us-central1-api"},"extension":{},"message":"[worker-us-central1-api-685ffe1d-eedf-4890-a26b-21f7de17c8c3]: IDLE"}}
[debug] [2023-08-05T14:03:24.697Z] Finishing up request with event=finish {"metadata":{"emulator":{"name":"functions"},"function":{"name":"us-central1-api"},"extension":{},"message":"Finishing up request with event=finish"}}
[debug] [2023-08-05T14:03:24.697Z] Finishing up request with event=close {"metadata":{"emulator":{"name":"functions"},"function":{"name":"us-central1-api"},"extension":{},"message":"Finishing up request with event=close"}}
[debug] [2023-08-05T14:03:24.697Z] [work-queue] {"queuedWork":[],"queueLength":0,"runningWork":["/clone-37425/us-central1/api/payments/create-2023-08-05T14:03:23.550Z"],"workRunningCount":1}
[debug] [2023-08-05T14:03:24.698Z] Finishing up request with event=pause {"metadata":{"emulator":{"name":"functions"},"function":{"name":"us-central1-api"},"extension":{},"message":"Finishing up request with event=pause"}}
[info] i  functions: Finished "us-central1-api" in 1104.475083ms {"metadata":{"emulator":{"name":"functions"},"function":{"name":"us-central1-api"},"extension":{},"message":"Finished \"us-central1-api\" in 1104.475083ms"}}
[debug] [2023-08-05T14:03:24.698Z] [worker-us-central1-api-0feabdc5-61a8-4cdc-8c67-5ad67d981387]: IDLE {"metadata":{"emulator":{"name":"functions"},"function":{"name":"us-central1-api"},"extension":{},"message":"[worker-us-central1-api-0feabdc5-61a8-4cdc-8c67-5ad67d981387]: IDLE"}}
[debug] [2023-08-05T14:03:24.698Z] Finishing up request with event=finish {"metadata":{"emulator":{"name":"functions"},"function":{"name":"us-central1-api"},"extension":{},"message":"Finishing up request with event=finish"}}
[debug] [2023-08-05T14:03:24.698Z] Finishing up request with event=close {"metadata":{"emulator":{"name":"functions"},"function":{"name":"us-central1-api"},"extension":{},"message":"Finishing up request with event=close"}}
[debug] [2023-08-05T14:03:24.713Z] [work-queue] {"queuedWork":[],"queueLength":0,"runningWork":[],"workRunningCount":0}
[debug] [2023-08-05T14:08:11.524Z] [work-queue] {"queuedWork":["/clone-37425/us-central1/api/payments/create-2023-08-05T14:08:11.524Z"],"queueLength":1,"runningWork":[],"workRunningCount":0}
[debug] [2023-08-05T14:08:11.527Z] [work-queue] {"queuedWork":[],"queueLength":0,"runningWork":["/clone-37425/us-central1/api/payments/create-2023-08-05T14:08:11.524Z"],"workRunningCount":1}
[debug] [2023-08-05T14:08:11.527Z] Accepted request POST /clone-37425/us-central1/api/payments/create?total=25096 --> us-central1-api
[debug] [2023-08-05T14:08:11.533Z] [functions] Runtime ready! Sending request! {"metadata":{"emulator":{"name":"functions"},"message":"[functions] Runtime ready! Sending request!"}}
[debug] [2023-08-05T14:08:11.534Z] [functions] Got req.url=/clone-37425/us-central1/api/payments/create?total=25096, mapping to path=/payments/create?total=25096 {"metadata":{"emulator":{"name":"functions"},"message":"[functions] Got req.url=/clone-37425/us-central1/api/payments/create?total=25096, mapping to path=/payments/create?total=25096"}}
[debug] [2023-08-05T14:08:11.535Z] [worker-pool] submitRequest(triggerId=us-central1-api) {"metadata":{"emulator":{"name":"functions"},"message":"[worker-pool] submitRequest(triggerId=us-central1-api)"}}
[info] i  functions: Beginning execution of "us-central1-api" {"metadata":{"emulator":{"name":"functions"},"function":{"name":"us-central1-api"},"extension":{},"message":"Beginning execution of \"us-central1-api\""}}
[debug] [2023-08-05T14:08:11.536Z] [worker-us-central1-api-0feabdc5-61a8-4cdc-8c67-5ad67d981387]: BUSY {"metadata":{"emulator":{"name":"functions"},"function":{"name":"us-central1-api"},"extension":{},"message":"[worker-us-central1-api-0feabdc5-61a8-4cdc-8c67-5ad67d981387]: BUSY"}}
[debug] [2023-08-05T14:08:11.538Z] [work-queue] {"queuedWork":["/clone-37425/us-central1/api/payments/create-2023-08-05T14:08:11.537Z"],"queueLength":1,"runningWork":["/clone-37425/us-central1/api/payments/create-2023-08-05T14:08:11.524Z"],"workRunningCount":1}
[debug] [2023-08-05T14:08:11.538Z] [work-queue] {"queuedWork":[],"queueLength":0,"runningWork":["/clone-37425/us-central1/api/payments/create-2023-08-05T14:08:11.524Z","/clone-37425/us-central1/api/payments/create-2023-08-05T14:08:11.537Z"],"workRunningCount":2}
[debug] [2023-08-05T14:08:11.538Z] Accepted request POST /clone-37425/us-central1/api/payments/create?total=25096 --> us-central1-api
[debug] [2023-08-05T14:08:11.542Z] [functions] Runtime ready! Sending request! {"metadata":{"emulator":{"name":"functions"},"message":"[functions] Runtime ready! Sending request!"}}
[debug] [2023-08-05T14:08:11.543Z] [functions] Got req.url=/clone-37425/us-central1/api/payments/create?total=25096, mapping to path=/payments/create?total=25096 {"metadata":{"emulator":{"name":"functions"},"message":"[functions] Got req.url=/clone-37425/us-central1/api/payments/create?total=25096, mapping to path=/payments/create?total=25096"}}
[debug] [2023-08-05T14:08:11.543Z] [worker-pool] submitRequest(triggerId=us-central1-api) {"metadata":{"emulator":{"name":"functions"},"message":"[worker-pool] submitRequest(triggerId=us-central1-api)"}}
[info] i  functions: Beginning execution of "us-central1-api" {"metadata":{"emulator":{"name":"functions"},"function":{"name":"us-central1-api"},"extension":{},"message":"Beginning execution of \"us-central1-api\""}}
[debug] [2023-08-05T14:08:11.544Z] [worker-us-central1-api-685ffe1d-eedf-4890-a26b-21f7de17c8c3]: BUSY {"metadata":{"emulator":{"name":"functions"},"function":{"name":"us-central1-api"},"extension":{},"message":"[worker-us-central1-api-685ffe1d-eedf-4890-a26b-21f7de17c8c3]: BUSY"}}
[info] >  payment received 25096 {"user":"payment received 25096","metadata":{"emulator":{"name":"functions"},"function":{"name":"us-central1-api"},"extension":{},"message":"\u001b[90m> \u001b[39m payment received 25096"}}
[info] >  payment received 25096 {"user":"payment received 25096","metadata":{"emulator":{"name":"functions"},"function":{"name":"us-central1-api"},"extension":{},"message":"\u001b[90m> \u001b[39m payment received 25096"}}
[debug] [2023-08-05T14:08:12.525Z] Finishing up request with event=pause {"metadata":{"emulator":{"name":"functions"},"function":{"name":"us-central1-api"},"extension":{},"message":"Finishing up request with event=pause"}}
[info] i  functions: Finished "us-central1-api" in 989.770084ms {"metadata":{"emulator":{"name":"functions"},"function":{"name":"us-central1-api"},"extension":{},"message":"Finished \"us-central1-api\" in 989.770084ms"}}
[debug] [2023-08-05T14:08:12.527Z] [worker-us-central1-api-0feabdc5-61a8-4cdc-8c67-5ad67d981387]: IDLE {"metadata":{"emulator":{"name":"functions"},"function":{"name":"us-central1-api"},"extension":{},"message":"[worker-us-central1-api-0feabdc5-61a8-4cdc-8c67-5ad67d981387]: IDLE"}}
[debug] [2023-08-05T14:08:12.527Z] Finishing up request with event=finish {"metadata":{"emulator":{"name":"functions"},"function":{"name":"us-central1-api"},"extension":{},"message":"Finishing up request with event=finish"}}
[debug] [2023-08-05T14:08:12.527Z] Finishing up request with event=close {"metadata":{"emulator":{"name":"functions"},"function":{"name":"us-central1-api"},"extension":{},"message":"Finishing up request with event=close"}}
[debug] [2023-08-05T14:08:12.528Z] [work-queue] {"queuedWork":[],"queueLength":0,"runningWork":["/clone-37425/us-central1/api/payments/create-2023-08-05T14:08:11.537Z"],"workRunningCount":1}
[debug] [2023-08-05T14:08:12.530Z] Finishing up request with event=pause {"metadata":{"emulator":{"name":"functions"},"function":{"name":"us-central1-api"},"extension":{},"message":"Finishing up request with event=pause"}}
[info] i  functions: Finished "us-central1-api" in 986.592166ms {"metadata":{"emulator":{"name":"functions"},"function":{"name":"us-central1-api"},"extension":{},"message":"Finished \"us-central1-api\" in 986.592166ms"}}
[debug] [2023-08-05T14:08:12.531Z] [worker-us-central1-api-685ffe1d-eedf-4890-a26b-21f7de17c8c3]: IDLE {"metadata":{"emulator":{"name":"functions"},"function":{"name":"us-central1-api"},"extension":{},"message":"[worker-us-central1-api-685ffe1d-eedf-4890-a26b-21f7de17c8c3]: IDLE"}}
[debug] [2023-08-05T14:08:12.531Z] Finishing up request with event=finish {"metadata":{"emulator":{"name":"functions"},"function":{"name":"us-central1-api"},"extension":{},"message":"Finishing up request with event=finish"}}
[debug] [2023-08-05T14:08:12.531Z] Finishing up request with event=close {"metadata":{"emulator":{"name":"functions"},"function":{"name":"us-central1-api"},"extension":{},"message":"Finishing up request with event=close"}}
[debug] [2023-08-05T14:08:12.532Z] [work-queue] {"queuedWork":[],"queueLength":0,"runningWork":[],"workRunningCount":0}
[debug] [2023-08-05T14:45:23.824Z] [work-queue] {"queuedWork":["/clone-37425/us-central1/api/payments/create-2023-08-05T14:45:23.824Z"],"queueLength":1,"runningWork":[],"workRunningCount":0}
[debug] [2023-08-05T14:45:23.830Z] [work-queue] {"queuedWork":[],"queueLength":0,"runningWork":["/clone-37425/us-central1/api/payments/create-2023-08-05T14:45:23.824Z"],"workRunningCount":1}
[debug] [2023-08-05T14:45:23.831Z] Accepted request POST /clone-37425/us-central1/api/payments/create?total=25096 --> us-central1-api
[debug] [2023-08-05T14:45:23.887Z] [functions] Runtime ready! Sending request! {"metadata":{"emulator":{"name":"functions"},"message":"[functions] Runtime ready! Sending request!"}}
[debug] [2023-08-05T14:45:23.917Z] [functions] Got req.url=/clone-37425/us-central1/api/payments/create?total=25096, mapping to path=/payments/create?total=25096 {"metadata":{"emulator":{"name":"functions"},"message":"[functions] Got req.url=/clone-37425/us-central1/api/payments/create?total=25096, mapping to path=/payments/create?total=25096"}}
[debug] [2023-08-05T14:45:23.930Z] [worker-pool] submitRequest(triggerId=us-central1-api) {"metadata":{"emulator":{"name":"functions"},"message":"[worker-pool] submitRequest(triggerId=us-central1-api)"}}
[info] i  functions: Beginning execution of "us-central1-api" {"metadata":{"emulator":{"name":"functions"},"function":{"name":"us-central1-api"},"extension":{},"message":"Beginning execution of \"us-central1-api\""}}
[debug] [2023-08-05T14:45:23.936Z] [worker-us-central1-api-0feabdc5-61a8-4cdc-8c67-5ad67d981387]: BUSY {"metadata":{"emulator":{"name":"functions"},"function":{"name":"us-central1-api"},"extension":{},"message":"[worker-us-central1-api-0feabdc5-61a8-4cdc-8c67-5ad67d981387]: BUSY"}}
[debug] [2023-08-05T14:45:23.943Z] [work-queue] {"queuedWork":["/clone-37425/us-central1/api/payments/create-2023-08-05T14:45:23.943Z"],"queueLength":1,"runningWork":["/clone-37425/us-central1/api/payments/create-2023-08-05T14:45:23.824Z"],"workRunningCount":1}
[debug] [2023-08-05T14:45:23.944Z] [work-queue] {"queuedWork":[],"queueLength":0,"runningWork":["/clone-37425/us-central1/api/payments/create-2023-08-05T14:45:23.824Z","/clone-37425/us-central1/api/payments/create-2023-08-05T14:45:23.943Z"],"workRunningCount":2}
[debug] [2023-08-05T14:45:23.944Z] Accepted request POST /clone-37425/us-central1/api/payments/create?total=25096 --> us-central1-api
[debug] [2023-08-05T14:45:23.980Z] [functions] Runtime ready! Sending request! {"metadata":{"emulator":{"name":"functions"},"message":"[functions] Runtime ready! Sending request!"}}
[debug] [2023-08-05T14:45:23.981Z] [functions] Got req.url=/clone-37425/us-central1/api/payments/create?total=25096, mapping to path=/payments/create?total=25096 {"metadata":{"emulator":{"name":"functions"},"message":"[functions] Got req.url=/clone-37425/us-central1/api/payments/create?total=25096, mapping to path=/payments/create?total=25096"}}
[debug] [2023-08-05T14:45:23.981Z] [worker-pool] submitRequest(triggerId=us-central1-api) {"metadata":{"emulator":{"name":"functions"},"message":"[worker-pool] submitRequest(triggerId=us-central1-api)"}}
[info] i  functions: Beginning execution of "us-central1-api" {"metadata":{"emulator":{"name":"functions"},"function":{"name":"us-central1-api"},"extension":{},"message":"Beginning execution of \"us-central1-api\""}}
[debug] [2023-08-05T14:45:23.981Z] [worker-us-central1-api-685ffe1d-eedf-4890-a26b-21f7de17c8c3]: BUSY {"metadata":{"emulator":{"name":"functions"},"function":{"name":"us-central1-api"},"extension":{},"message":"[worker-us-central1-api-685ffe1d-eedf-4890-a26b-21f7de17c8c3]: BUSY"}}
[info] >  payment received 25096 {"user":"payment received 25096","metadata":{"emulator":{"name":"functions"},"function":{"name":"us-central1-api"},"extension":{},"message":"\u001b[90m> \u001b[39m payment received 25096"}}
[info] >  payment received 25096 {"user":"payment received 25096","metadata":{"emulator":{"name":"functions"},"function":{"name":"us-central1-api"},"extension":{},"message":"\u001b[90m> \u001b[39m payment received 25096"}}
[debug] [2023-08-05T14:45:24.982Z] Finishing up request with event=pause {"metadata":{"emulator":{"name":"functions"},"function":{"name":"us-central1-api"},"extension":{},"message":"Finishing up request with event=pause"}}
[info] i  functions: Finished "us-central1-api" in 1047.149542ms {"metadata":{"emulator":{"name":"functions"},"function":{"name":"us-central1-api"},"extension":{},"message":"Finished \"us-central1-api\" in 1047.149542ms"}}
[debug] [2023-08-05T14:45:24.983Z] [worker-us-central1-api-0feabdc5-61a8-4cdc-8c67-5ad67d981387]: IDLE {"metadata":{"emulator":{"name":"functions"},"function":{"name":"us-central1-api"},"extension":{},"message":"[worker-us-central1-api-0feabdc5-61a8-4cdc-8c67-5ad67d981387]: IDLE"}}
[debug] [2023-08-05T14:45:24.983Z] Finishing up request with event=finish {"metadata":{"emulator":{"name":"functions"},"function":{"name":"us-central1-api"},"extension":{},"message":"Finishing up request with event=finish"}}
[debug] [2023-08-05T14:45:24.984Z] Finishing up request with event=close {"metadata":{"emulator":{"name":"functions"},"function":{"name":"us-central1-api"},"extension":{},"message":"Finishing up request with event=close"}}
[debug] [2023-08-05T14:45:24.984Z] [work-queue] {"queuedWork":[],"queueLength":0,"runningWork":["/clone-37425/us-central1/api/payments/create-2023-08-05T14:45:23.943Z"],"workRunningCount":1}
[debug] [2023-08-05T14:45:24.985Z] Finishing up request with event=pause {"metadata":{"emulator":{"name":"functions"},"function":{"name":"us-central1-api"},"extension":{},"message":"Finishing up request with event=pause"}}
[info] i  functions: Finished "us-central1-api" in 1003.56525ms {"metadata":{"emulator":{"name":"functions"},"function":{"name":"us-central1-api"},"extension":{},"message":"Finished \"us-central1-api\" in 1003.56525ms"}}
[debug] [2023-08-05T14:45:24.985Z] [worker-us-central1-api-685ffe1d-eedf-4890-a26b-21f7de17c8c3]: IDLE {"metadata":{"emulator":{"name":"functions"},"function":{"name":"us-central1-api"},"extension":{},"message":"[worker-us-central1-api-685ffe1d-eedf-4890-a26b-21f7de17c8c3]: IDLE"}}
[debug] [2023-08-05T14:45:24.985Z] Finishing up request with event=finish {"metadata":{"emulator":{"name":"functions"},"function":{"name":"us-central1-api"},"extension":{},"message":"Finishing up request with event=finish"}}
[debug] [2023-08-05T14:45:24.985Z] Finishing up request with event=close {"metadata":{"emulator":{"name":"functions"},"function":{"name":"us-central1-api"},"extension":{},"message":"Finishing up request with event=close"}}
[debug] [2023-08-05T14:45:24.985Z] [work-queue] {"queuedWork":[],"queueLength":0,"runningWork":[],"workRunningCount":0}
